<?xml version="1.0" encoding="UTF-8"?>
<coverage generated="1775674446">
  <project timestamp="1775674446">
    <file name="/app/src/Auth/Controller/AuthController.php">
      <class name="App\Auth\Controller\AuthController" namespace="global">
        <metrics complexity="9" methods="3" coveredmethods="3" conditionals="0" coveredconditionals="0" statements="22" coveredstatements="22" elements="25" coveredelements="25"/>
      </class>
      <line num="19" type="method" name="showLoginForm" visibility="public" complexity="2" crap="2" count="6"/>
      <line num="22" type="stmt" count="6"/>
      <line num="23" type="stmt" count="1"/>
      <line num="26" type="stmt" count="5"/>
      <line num="29" type="method" name="login" visibility="public" complexity="5" crap="5" count="5"/>
      <line num="32" type="stmt" count="5"/>
      <line num="33" type="stmt" count="5"/>
      <line num="35" type="stmt" count="5"/>
      <line num="36" type="stmt" count="1"/>
      <line num="39" type="stmt" count="4"/>
      <line num="40" type="stmt" count="1"/>
      <line num="42" type="stmt" count="1"/>
      <line num="45" type="stmt" count="3"/>
      <line num="46" type="stmt" count="3"/>
      <line num="47" type="stmt" count="1"/>
      <line num="49" type="stmt" count="1"/>
      <line num="52" type="stmt" count="2"/>
      <line num="54" type="stmt" count="2"/>
      <line num="56" type="stmt" count="2"/>
      <line num="59" type="method" name="logout" visibility="public" complexity="2" crap="2" count="3"/>
      <line num="62" type="stmt" count="3"/>
      <line num="63" type="stmt" count="1"/>
      <line num="66" type="stmt" count="2"/>
      <line num="68" type="stmt" count="2"/>
      <line num="70" type="stmt" count="2"/>
      <metrics loc="73" ncloc="73" classes="1" methods="3" coveredmethods="3" conditionals="0" coveredconditionals="0" statements="22" coveredstatements="22" elements="25" coveredelements="25"/>
    </file>
    <file name="/app/src/Auth/Service/AuthService.php">
      <class name="App\Auth\Service\AuthService" namespace="global">
        <metrics complexity="6" methods="4" coveredmethods="4" conditionals="0" coveredconditionals="0" statements="11" coveredstatements="11" elements="15" coveredelements="15"/>
      </class>
      <line num="14" type="method" name="__construct" visibility="public" complexity="1" crap="1" count="13"/>
      <line num="17" type="stmt" count="13"/>
      <line num="19" type="method" name="authenticate" visibility="public" complexity="3" crap="3" count="6"/>
      <line num="21" type="stmt" count="6"/>
      <line num="22" type="stmt" count="6"/>
      <line num="23" type="stmt" count="6"/>
      <line num="25" type="stmt" count="6"/>
      <line num="26" type="stmt" count="1"/>
      <line num="29" type="stmt" count="5"/>
      <line num="31" type="stmt" count="5"/>
      <line num="34" type="method" name="logIn" visibility="public" complexity="1" crap="1" count="3"/>
      <line num="36" type="stmt" count="3"/>
      <line num="37" type="stmt" count="3"/>
      <line num="40" type="method" name="logOut" visibility="public" complexity="1" crap="1" count="3"/>
      <line num="42" type="stmt" count="3"/>
      <metrics loc="45" ncloc="45" classes="1" methods="4" coveredmethods="4" conditionals="0" coveredconditionals="0" statements="11" coveredstatements="11" elements="15" coveredelements="15"/>
    </file>
    <file name="/app/src/Auth/Service/AuthServiceInterface.php">
      <metrics loc="18" ncloc="18" classes="0" methods="0" coveredmethods="0" conditionals="0" coveredconditionals="0" statements="0" coveredstatements="0" elements="0" coveredelements="0"/>
    </file>
    <file name="/app/src/Command/SeedDatabaseCommand.php">
      <class name="App\Command\SeedDatabaseCommand" namespace="global">
        <metrics complexity="5" methods="2" coveredmethods="0" conditionals="0" coveredconditionals="0" statements="170" coveredstatements="0" elements="172" coveredelements="0"/>
      </class>
      <line num="18" type="stmt" count="0"/>
      <line num="19" type="stmt" count="0"/>
      <line num="20" type="stmt" count="0"/>
      <line num="23" type="method" name="__construct" visibility="public" complexity="1" crap="2" count="0"/>
      <line num="26" type="stmt" count="0"/>
      <line num="29" type="method" name="execute" visibility="protected" complexity="4" crap="20" count="0"/>
      <line num="31" type="stmt" count="0"/>
      <line num="33" type="stmt" count="0"/>
      <line num="36" type="stmt" count="0"/>
      <line num="37" type="stmt" count="0"/>
      <line num="38" type="stmt" count="0"/>
      <line num="39" type="stmt" count="0"/>
      <line num="40" type="stmt" count="0"/>
      <line num="41" type="stmt" count="0"/>
      <line num="42" type="stmt" count="0"/>
      <line num="43" type="stmt" count="0"/>
      <line num="44" type="stmt" count="0"/>
      <line num="45" type="stmt" count="0"/>
      <line num="46" type="stmt" count="0"/>
      <line num="47" type="stmt" count="0"/>
      <line num="48" type="stmt" count="0"/>
      <line num="49" type="stmt" count="0"/>
      <line num="50" type="stmt" count="0"/>
      <line num="51" type="stmt" count="0"/>
      <line num="52" type="stmt" count="0"/>
      <line num="53" type="stmt" count="0"/>
      <line num="54" type="stmt" count="0"/>
      <line num="55" type="stmt" count="0"/>
      <line num="56" type="stmt" count="0"/>
      <line num="57" type="stmt" count="0"/>
      <line num="58" type="stmt" count="0"/>
      <line num="59" type="stmt" count="0"/>
      <line num="60" type="stmt" count="0"/>
      <line num="61" type="stmt" count="0"/>
      <line num="62" type="stmt" count="0"/>
      <line num="63" type="stmt" count="0"/>
      <line num="64" type="stmt" count="0"/>
      <line num="65" type="stmt" count="0"/>
      <line num="66" type="stmt" count="0"/>
      <line num="67" type="stmt" count="0"/>
      <line num="68" type="stmt" count="0"/>
      <line num="69" type="stmt" count="0"/>
      <line num="71" type="stmt" count="0"/>
      <line num="72" type="stmt" count="0"/>
      <line num="73" type="stmt" count="0"/>
      <line num="74" type="stmt" count="0"/>
      <line num="75" type="stmt" count="0"/>
      <line num="76" type="stmt" count="0"/>
      <line num="77" type="stmt" count="0"/>
      <line num="78" type="stmt" count="0"/>
      <line num="79" type="stmt" count="0"/>
      <line num="81" type="stmt" count="0"/>
      <line num="82" type="stmt" count="0"/>
      <line num="84" type="stmt" count="0"/>
      <line num="87" type="stmt" count="0"/>
      <line num="90" type="stmt" count="0"/>
      <line num="91" type="stmt" count="0"/>
      <line num="92" type="stmt" count="0"/>
      <line num="93" type="stmt" count="0"/>
      <line num="94" type="stmt" count="0"/>
      <line num="96" type="stmt" count="0"/>
      <line num="98" type="stmt" count="0"/>
      <line num="101" type="stmt" count="0"/>
      <line num="104" type="stmt" count="0"/>
      <line num="105" type="stmt" count="0"/>
      <line num="106" type="stmt" count="0"/>
      <line num="107" type="stmt" count="0"/>
      <line num="108" type="stmt" count="0"/>
      <line num="109" type="stmt" count="0"/>
      <line num="110" type="stmt" count="0"/>
      <line num="111" type="stmt" count="0"/>
      <line num="112" type="stmt" count="0"/>
      <line num="113" type="stmt" count="0"/>
      <line num="114" type="stmt" count="0"/>
      <line num="115" type="stmt" count="0"/>
      <line num="116" type="stmt" count="0"/>
      <line num="117" type="stmt" count="0"/>
      <line num="118" type="stmt" count="0"/>
      <line num="119" type="stmt" count="0"/>
      <line num="120" type="stmt" count="0"/>
      <line num="121" type="stmt" count="0"/>
      <line num="122" type="stmt" count="0"/>
      <line num="123" type="stmt" count="0"/>
      <line num="124" type="stmt" count="0"/>
      <line num="125" type="stmt" count="0"/>
      <line num="126" type="stmt" count="0"/>
      <line num="127" type="stmt" count="0"/>
      <line num="128" type="stmt" count="0"/>
      <line num="129" type="stmt" count="0"/>
      <line num="130" type="stmt" count="0"/>
      <line num="131" type="stmt" count="0"/>
      <line num="132" type="stmt" count="0"/>
      <line num="133" type="stmt" count="0"/>
      <line num="134" type="stmt" count="0"/>
      <line num="135" type="stmt" count="0"/>
      <line num="136" type="stmt" count="0"/>
      <line num="137" type="stmt" count="0"/>
      <line num="138" type="stmt" count="0"/>
      <line num="139" type="stmt" count="0"/>
      <line num="140" type="stmt" count="0"/>
      <line num="141" type="stmt" count="0"/>
      <line num="142" type="stmt" count="0"/>
      <line num="143" type="stmt" count="0"/>
      <line num="144" type="stmt" count="0"/>
      <line num="145" type="stmt" count="0"/>
      <line num="146" type="stmt" count="0"/>
      <line num="147" type="stmt" count="0"/>
      <line num="148" type="stmt" count="0"/>
      <line num="149" type="stmt" count="0"/>
      <line num="150" type="stmt" count="0"/>
      <line num="151" type="stmt" count="0"/>
      <line num="152" type="stmt" count="0"/>
      <line num="153" type="stmt" count="0"/>
      <line num="154" type="stmt" count="0"/>
      <line num="155" type="stmt" count="0"/>
      <line num="156" type="stmt" count="0"/>
      <line num="157" type="stmt" count="0"/>
      <line num="158" type="stmt" count="0"/>
      <line num="159" type="stmt" count="0"/>
      <line num="160" type="stmt" count="0"/>
      <line num="161" type="stmt" count="0"/>
      <line num="162" type="stmt" count="0"/>
      <line num="163" type="stmt" count="0"/>
      <line num="164" type="stmt" count="0"/>
      <line num="165" type="stmt" count="0"/>
      <line num="166" type="stmt" count="0"/>
      <line num="167" type="stmt" count="0"/>
      <line num="168" type="stmt" count="0"/>
      <line num="169" type="stmt" count="0"/>
      <line num="170" type="stmt" count="0"/>
      <line num="171" type="stmt" count="0"/>
      <line num="172" type="stmt" count="0"/>
      <line num="173" type="stmt" count="0"/>
      <line num="174" type="stmt" count="0"/>
      <line num="175" type="stmt" count="0"/>
      <line num="176" type="stmt" count="0"/>
      <line num="177" type="stmt" count="0"/>
      <line num="178" type="stmt" count="0"/>
      <line num="179" type="stmt" count="0"/>
      <line num="180" type="stmt" count="0"/>
      <line num="181" type="stmt" count="0"/>
      <line num="182" type="stmt" count="0"/>
      <line num="183" type="stmt" count="0"/>
      <line num="184" type="stmt" count="0"/>
      <line num="185" type="stmt" count="0"/>
      <line num="186" type="stmt" count="0"/>
      <line num="187" type="stmt" count="0"/>
      <line num="188" type="stmt" count="0"/>
      <line num="189" type="stmt" count="0"/>
      <line num="190" type="stmt" count="0"/>
      <line num="191" type="stmt" count="0"/>
      <line num="192" type="stmt" count="0"/>
      <line num="193" type="stmt" count="0"/>
      <line num="194" type="stmt" count="0"/>
      <line num="195" type="stmt" count="0"/>
      <line num="196" type="stmt" count="0"/>
      <line num="197" type="stmt" count="0"/>
      <line num="198" type="stmt" count="0"/>
      <line num="199" type="stmt" count="0"/>
      <line num="200" type="stmt" count="0"/>
      <line num="201" type="stmt" count="0"/>
      <line num="203" type="stmt" count="0"/>
      <line num="204" type="stmt" count="0"/>
      <line num="205" type="stmt" count="0"/>
      <line num="206" type="stmt" count="0"/>
      <line num="207" type="stmt" count="0"/>
      <line num="208" type="stmt" count="0"/>
      <line num="209" type="stmt" count="0"/>
      <line num="210" type="stmt" count="0"/>
      <line num="212" type="stmt" count="0"/>
      <line num="214" type="stmt" count="0"/>
      <line num="217" type="stmt" count="0"/>
      <line num="219" type="stmt" count="0"/>
      <line num="220" type="stmt" count="0"/>
      <line num="222" type="stmt" count="0"/>
      <metrics loc="225" ncloc="222" classes="1" methods="2" coveredmethods="0" conditionals="0" coveredconditionals="0" statements="173" coveredstatements="0" elements="175" coveredelements="0"/>
    </file>
    <file name="/app/src/Entity/AuthToken.php">
      <class name="App\Entity\AuthToken" namespace="global">
        <metrics complexity="8" methods="8" coveredmethods="5" conditionals="0" coveredconditionals="0" statements="11" coveredstatements="7" elements="19" coveredelements="12"/>
      </class>
      <line num="28" type="method" name="__construct" visibility="public" complexity="1" crap="1" count="11"/>
      <line num="30" type="stmt" count="11"/>
      <line num="33" type="method" name="getId" visibility="public" complexity="1" crap="2" count="0"/>
      <line num="35" type="stmt" count="0"/>
      <line num="38" type="method" name="getToken" visibility="public" complexity="1" crap="1" count="4"/>
      <line num="40" type="stmt" count="4"/>
      <line num="43" type="method" name="setToken" visibility="public" complexity="1" crap="1" count="11"/>
      <line num="45" type="stmt" count="11"/>
      <line num="46" type="stmt" count="11"/>
      <line num="49" type="method" name="getUser" visibility="public" complexity="1" crap="1" count="5"/>
      <line num="51" type="stmt" count="5"/>
      <line num="54" type="method" name="setUser" visibility="public" complexity="1" crap="1" count="11"/>
      <line num="56" type="stmt" count="11"/>
      <line num="57" type="stmt" count="11"/>
      <line num="60" type="method" name="getCreatedAt" visibility="public" complexity="1" crap="2" count="0"/>
      <line num="62" type="stmt" count="0"/>
      <line num="65" type="method" name="setCreatedAt" visibility="public" complexity="1" crap="2" count="0"/>
      <line num="67" type="stmt" count="0"/>
      <line num="68" type="stmt" count="0"/>
      <metrics loc="71" ncloc="71" classes="1" methods="8" coveredmethods="5" conditionals="0" coveredconditionals="0" statements="11" coveredstatements="7" elements="19" coveredelements="12"/>
    </file>
    <file name="/app/src/Entity/Photo.php">
      <class name="App\Entity\Photo" namespace="global">
        <metrics complexity="15" methods="15" coveredmethods="11" conditionals="0" coveredconditionals="0" statements="22" coveredstatements="15" elements="37" coveredelements="26"/>
      </class>
      <line num="41" type="method" name="getId" visibility="public" complexity="1" crap="1" count="15"/>
      <line num="43" type="stmt" count="15"/>
      <line num="46" type="method" name="getImageUrl" visibility="public" complexity="1" crap="1" count="10"/>
      <line num="48" type="stmt" count="10"/>
      <line num="51" type="method" name="setImageUrl" visibility="public" complexity="1" crap="1" count="26"/>
      <line num="53" type="stmt" count="26"/>
      <line num="54" type="stmt" count="26"/>
      <line num="57" type="method" name="getLocation" visibility="public" complexity="1" crap="1" count="10"/>
      <line num="59" type="stmt" count="10"/>
      <line num="62" type="method" name="setLocation" visibility="public" complexity="1" crap="2" count="0"/>
      <line num="64" type="stmt" count="0"/>
      <line num="65" type="stmt" count="0"/>
      <line num="68" type="method" name="getDescription" visibility="public" complexity="1" crap="1" count="10"/>
      <line num="70" type="stmt" count="10"/>
      <line num="73" type="method" name="setDescription" visibility="public" complexity="1" crap="1" count="26"/>
      <line num="75" type="stmt" count="26"/>
      <line num="76" type="stmt" count="26"/>
      <line num="79" type="method" name="getCamera" visibility="public" complexity="1" crap="1" count="10"/>
      <line num="81" type="stmt" count="10"/>
      <line num="84" type="method" name="setCamera" visibility="public" complexity="1" crap="2" count="0"/>
      <line num="86" type="stmt" count="0"/>
      <line num="87" type="stmt" count="0"/>
      <line num="90" type="method" name="getTakenAt" visibility="public" complexity="1" crap="2" count="0"/>
      <line num="92" type="stmt" count="0"/>
      <line num="95" type="method" name="setTakenAt" visibility="public" complexity="1" crap="2" count="0"/>
      <line num="97" type="stmt" count="0"/>
      <line num="98" type="stmt" count="0"/>
      <line num="101" type="method" name="getUser" visibility="public" complexity="1" crap="1" count="10"/>
      <line num="103" type="stmt" count="10"/>
      <line num="106" type="method" name="setUser" visibility="public" complexity="1" crap="1" count="26"/>
      <line num="108" type="stmt" count="26"/>
      <line num="109" type="stmt" count="26"/>
      <line num="112" type="method" name="getLikeCounter" visibility="public" complexity="1" crap="1" count="14"/>
      <line num="114" type="stmt" count="14"/>
      <line num="117" type="method" name="setLikeCounter" visibility="public" complexity="1" crap="1" count="10"/>
      <line num="119" type="stmt" count="10"/>
      <line num="120" type="stmt" count="10"/>
      <metrics loc="123" ncloc="123" classes="1" methods="15" coveredmethods="11" conditionals="0" coveredconditionals="0" statements="22" coveredstatements="15" elements="37" coveredelements="26"/>
    </file>
    <file name="/app/src/Entity/User.php">
      <class name="App\Entity\User" namespace="global">
        <metrics complexity="20" methods="17" coveredmethods="15" conditionals="0" coveredconditionals="0" statements="29" coveredstatements="21" elements="46" coveredelements="36"/>
      </class>
      <line num="42" type="method" name="__construct" visibility="public" complexity="1" crap="1" count="42"/>
      <line num="44" type="stmt" count="42"/>
      <line num="47" type="method" name="getId" visibility="public" complexity="1" crap="1" count="21"/>
      <line num="49" type="stmt" count="21"/>
      <line num="52" type="method" name="getUsername" visibility="public" complexity="1" crap="1" count="24"/>
      <line num="54" type="stmt" count="24"/>
      <line num="57" type="method" name="setUsername" visibility="public" complexity="1" crap="1" count="42"/>
      <line num="59" type="stmt" count="42"/>
      <line num="60" type="stmt" count="42"/>
      <line num="63" type="method" name="getEmail" visibility="public" complexity="1" crap="1" count="2"/>
      <line num="65" type="stmt" count="2"/>
      <line num="68" type="method" name="setEmail" visibility="public" complexity="1" crap="1" count="42"/>
      <line num="70" type="stmt" count="42"/>
      <line num="71" type="stmt" count="42"/>
      <line num="74" type="method" name="getName" visibility="public" complexity="1" crap="1" count="12"/>
      <line num="76" type="stmt" count="12"/>
      <line num="79" type="method" name="setName" visibility="public" complexity="1" crap="1" count="2"/>
      <line num="81" type="stmt" count="2"/>
      <line num="82" type="stmt" count="2"/>
      <line num="85" type="method" name="getLastName" visibility="public" complexity="1" crap="1" count="2"/>
      <line num="87" type="stmt" count="2"/>
      <line num="90" type="method" name="setLastName" visibility="public" complexity="1" crap="1" count="2"/>
      <line num="92" type="stmt" count="2"/>
      <line num="93" type="stmt" count="2"/>
      <line num="96" type="method" name="getAge" visibility="public" complexity="1" crap="1" count="2"/>
      <line num="98" type="stmt" count="2"/>
      <line num="101" type="method" name="setAge" visibility="public" complexity="1" crap="1" count="2"/>
      <line num="103" type="stmt" count="2"/>
      <line num="104" type="stmt" count="2"/>
      <line num="107" type="method" name="getBio" visibility="public" complexity="1" crap="1" count="2"/>
      <line num="109" type="stmt" count="2"/>
      <line num="112" type="method" name="setBio" visibility="public" complexity="1" crap="1" count="2"/>
      <line num="114" type="stmt" count="2"/>
      <line num="115" type="stmt" count="2"/>
      <line num="121" type="method" name="getPhotos" visibility="public" complexity="1" crap="1" count="2"/>
      <line num="123" type="stmt" count="2"/>
      <line num="126" type="method" name="addPhoto" visibility="public" complexity="2" crap="6" count="0"/>
      <line num="128" type="stmt" count="0"/>
      <line num="129" type="stmt" count="0"/>
      <line num="130" type="stmt" count="0"/>
      <line num="133" type="stmt" count="0"/>
      <line num="136" type="method" name="removePhoto" visibility="public" complexity="3" crap="12" count="0"/>
      <line num="138" type="stmt" count="0"/>
      <line num="139" type="stmt" count="0"/>
      <line num="140" type="stmt" count="0"/>
      <line num="144" type="stmt" count="0"/>
      <metrics loc="147" ncloc="143" classes="1" methods="17" coveredmethods="15" conditionals="0" coveredconditionals="0" statements="29" coveredstatements="21" elements="46" coveredelements="36"/>
    </file>
    <file name="/app/src/Home/Controller/HomeController.php">
      <class name="App\Home\Controller\HomeController" namespace="global">
        <metrics complexity="3" methods="1" coveredmethods="1" conditionals="0" coveredconditionals="0" statements="11" coveredstatements="11" elements="12" coveredelements="12"/>
      </class>
      <line num="20" type="method" name="index" visibility="public" complexity="3" crap="3" count="16"/>
      <line num="26" type="stmt" count="16"/>
      <line num="28" type="stmt" count="16"/>
      <line num="29" type="stmt" count="16"/>
      <line num="31" type="stmt" count="16"/>
      <line num="32" type="stmt" count="13"/>
      <line num="33" type="stmt" count="9"/>
      <line num="37" type="stmt" count="16"/>
      <line num="38" type="stmt" count="16"/>
      <line num="39" type="stmt" count="16"/>
      <line num="40" type="stmt" count="16"/>
      <line num="41" type="stmt" count="16"/>
      <metrics loc="44" ncloc="41" classes="1" methods="1" coveredmethods="1" conditionals="0" coveredconditionals="0" statements="11" coveredstatements="11" elements="12" coveredelements="12"/>
    </file>
    <file name="/app/src/Kernel.php">
      <class name="App\Kernel" namespace="global">
        <metrics complexity="3" methods="2" coveredmethods="0" conditionals="0" coveredconditionals="0" statements="8" coveredstatements="0" elements="10" coveredelements="0"/>
      </class>
      <line num="16" type="method" name="configureContainer" visibility="protected" complexity="2" crap="6" count="0"/>
      <line num="18" type="stmt" count="0"/>
      <line num="19" type="stmt" count="0"/>
      <line num="21" type="stmt" count="0"/>
      <line num="22" type="stmt" count="0"/>
      <line num="23" type="stmt" count="0"/>
      <line num="27" type="method" name="configureRoutes" visibility="protected" complexity="1" crap="2" count="0"/>
      <line num="29" type="stmt" count="0"/>
      <line num="30" type="stmt" count="0"/>
      <line num="31" type="stmt" count="0"/>
      <metrics loc="34" ncloc="34" classes="1" methods="2" coveredmethods="0" conditionals="0" coveredconditionals="0" statements="8" coveredstatements="0" elements="10" coveredelements="0"/>
    </file>
    <file name="/app/src/Likes/DuplicateLikeException.php">
      <class name="App\Likes\DuplicateLikeException" namespace="global">
        <metrics complexity="0" methods="0" coveredmethods="0" conditionals="0" coveredconditionals="0" statements="0" coveredstatements="0" elements="0" coveredelements="0"/>
      </class>
      <metrics loc="10" ncloc="10" classes="0" methods="0" coveredmethods="0" conditionals="0" coveredconditionals="0" statements="0" coveredstatements="0" elements="0" coveredelements="0"/>
    </file>
    <file name="/app/src/Likes/Like.php">
      <class name="App\Likes\Like" namespace="global">
        <metrics complexity="8" methods="8" coveredmethods="8" conditionals="0" coveredconditionals="0" statements="11" coveredstatements="11" elements="19" coveredelements="19"/>
      </class>
      <line num="31" type="method" name="__construct" visibility="public" complexity="1" crap="1" count="10"/>
      <line num="33" type="stmt" count="10"/>
      <line num="36" type="method" name="getId" visibility="public" complexity="1" crap="1" count="1"/>
      <line num="38" type="stmt" count="1"/>
      <line num="41" type="method" name="getUser" visibility="public" complexity="1" crap="1" count="1"/>
      <line num="43" type="stmt" count="1"/>
      <line num="46" type="method" name="setUser" visibility="public" complexity="1" crap="1" count="9"/>
      <line num="48" type="stmt" count="9"/>
      <line num="49" type="stmt" count="9"/>
      <line num="52" type="method" name="getPhoto" visibility="public" complexity="1" crap="1" count="1"/>
      <line num="54" type="stmt" count="1"/>
      <line num="57" type="method" name="setPhoto" visibility="public" complexity="1" crap="1" count="9"/>
      <line num="59" type="stmt" count="9"/>
      <line num="60" type="stmt" count="9"/>
      <line num="63" type="method" name="getCreatedAt" visibility="public" complexity="1" crap="1" count="2"/>
      <line num="65" type="stmt" count="2"/>
      <line num="68" type="method" name="setCreatedAt" visibility="public" complexity="1" crap="1" count="1"/>
      <line num="70" type="stmt" count="1"/>
      <line num="71" type="stmt" count="1"/>
      <metrics loc="74" ncloc="74" classes="1" methods="8" coveredmethods="8" conditionals="0" coveredconditionals="0" statements="11" coveredstatements="11" elements="19" coveredelements="19"/>
    </file>
    <file name="/app/src/Likes/LikeRepository.php">
      <class name="App\Likes\LikeRepository" namespace="global">
        <metrics complexity="6" methods="5" coveredmethods="5" conditionals="0" coveredconditionals="0" statements="38" coveredstatements="38" elements="43" coveredelements="43"/>
      </class>
      <line num="17" type="method" name="__construct" visibility="public" complexity="1" crap="1" count="20"/>
      <line num="19" type="stmt" count="20"/>
      <line num="22" type="method" name="unlikePhoto" visibility="public" complexity="2" crap="2" count="2"/>
      <line num="25" type="stmt" count="2"/>
      <line num="27" type="stmt" count="2"/>
      <line num="28" type="stmt" count="2"/>
      <line num="29" type="stmt" count="2"/>
      <line num="30" type="stmt" count="2"/>
      <line num="31" type="stmt" count="2"/>
      <line num="32" type="stmt" count="2"/>
      <line num="33" type="stmt" count="2"/>
      <line num="34" type="stmt" count="2"/>
      <line num="35" type="stmt" count="2"/>
      <line num="36" type="stmt" count="2"/>
      <line num="38" type="stmt" count="2"/>
      <line num="39" type="stmt" count="2"/>
      <line num="40" type="stmt" count="2"/>
      <line num="42" type="stmt" count="2"/>
      <line num="43" type="stmt" count="2"/>
      <line num="45" type="stmt" count="2"/>
      <line num="49" type="method" name="hasUserLikedPhoto" visibility="public" complexity="1" crap="1" count="9"/>
      <line num="52" type="stmt" count="9"/>
      <line num="53" type="stmt" count="9"/>
      <line num="54" type="stmt" count="9"/>
      <line num="55" type="stmt" count="9"/>
      <line num="56" type="stmt" count="9"/>
      <line num="57" type="stmt" count="9"/>
      <line num="58" type="stmt" count="9"/>
      <line num="59" type="stmt" count="9"/>
      <line num="61" type="stmt" count="9"/>
      <line num="64" type="method" name="createLike" visibility="public" complexity="1" crap="1" count="7"/>
      <line num="67" type="stmt" count="7"/>
      <line num="68" type="stmt" count="7"/>
      <line num="69" type="stmt" count="7"/>
      <line num="71" type="stmt" count="7"/>
      <line num="72" type="stmt" count="7"/>
      <line num="73" type="stmt" count="7"/>
      <line num="75" type="stmt" count="7"/>
      <line num="78" type="method" name="updatePhotoCounter" visibility="public" complexity="1" crap="1" count="7"/>
      <line num="81" type="stmt" count="7"/>
      <line num="82" type="stmt" count="7"/>
      <line num="83" type="stmt" count="7"/>
      <line num="84" type="stmt" count="7"/>
      <metrics loc="87" ncloc="84" classes="1" methods="5" coveredmethods="5" conditionals="0" coveredconditionals="0" statements="38" coveredstatements="38" elements="43" coveredelements="43"/>
    </file>
    <file name="/app/src/Likes/LikeRepositoryInterface.php">
      <metrics loc="20" ncloc="20" classes="0" methods="0" coveredmethods="0" conditionals="0" coveredconditionals="0" statements="0" coveredstatements="0" elements="0" coveredelements="0"/>
    </file>
    <file name="/app/src/Likes/LikeService.php">
      <class name="App\Likes\LikeService" namespace="global">
        <metrics complexity="4" methods="2" coveredmethods="2" conditionals="0" coveredconditionals="0" statements="7" coveredstatements="7" elements="9" coveredelements="9"/>
      </class>
      <line num="13" type="method" name="__construct" visibility="public" complexity="1" crap="1" count="14"/>
      <line num="16" type="stmt" count="14"/>
      <line num="18" type="method" name="execute" visibility="public" complexity="3" crap="3" count="10"/>
      <line num="21" type="stmt" count="10"/>
      <line num="22" type="stmt" count="8"/>
      <line num="23" type="stmt" count="2"/>
      <line num="24" type="stmt" count="1"/>
      <line num="25" type="stmt" count="1"/>
      <line num="26" type="stmt" count="1"/>
      <metrics loc="30" ncloc="30" classes="1" methods="2" coveredmethods="2" conditionals="0" coveredconditionals="0" statements="7" coveredstatements="7" elements="9" coveredelements="9"/>
    </file>
    <file name="/app/src/Likes/LikeServiceInterface.php">
      <metrics loc="14" ncloc="14" classes="0" methods="0" coveredmethods="0" conditionals="0" coveredconditionals="0" statements="0" coveredstatements="0" elements="0" coveredelements="0"/>
    </file>
    <file name="/app/src/Photo/Controller/PhotoController.php">
      <class name="App\Photo\Controller\PhotoController" namespace="global">
        <metrics complexity="9" methods="4" coveredmethods="3" conditionals="0" coveredconditionals="0" statements="29" coveredstatements="28" elements="33" coveredelements="31"/>
      </class>
      <line num="21" type="method" name="like" visibility="public" complexity="3" crap="3" count="10"/>
      <line num="24" type="stmt" count="10"/>
      <line num="25" type="stmt" count="10"/>
      <line num="26" type="stmt" count="1"/>
      <line num="29" type="stmt" count="9"/>
      <line num="30" type="stmt" count="2"/>
      <line num="33" type="stmt" count="7"/>
      <line num="35" type="stmt" count="7"/>
      <line num="38" type="method" name="unlike" visibility="public" complexity="3" crap="3" count="5"/>
      <line num="41" type="stmt" count="5"/>
      <line num="42" type="stmt" count="5"/>
      <line num="43" type="stmt" count="1"/>
      <line num="46" type="stmt" count="4"/>
      <line num="47" type="stmt" count="2"/>
      <line num="50" type="stmt" count="2"/>
      <line num="52" type="stmt" count="2"/>
      <line num="58" type="method" name="errorResponse" visibility="private" complexity="1" crap="1" count="6"/>
      <line num="60" type="stmt" count="6"/>
      <line num="61" type="stmt" count="6"/>
      <line num="62" type="stmt" count="6"/>
      <line num="63" type="stmt" count="6"/>
      <line num="66" type="method" name="reactionResponse" visibility="private" complexity="2" crap="2.00" count="7"/>
      <line num="68" type="stmt" count="7"/>
      <line num="69" type="stmt" count="0"/>
      <line num="72" type="stmt" count="7"/>
      <line num="73" type="stmt" count="7"/>
      <line num="75" type="stmt" count="7"/>
      <line num="76" type="stmt" count="7"/>
      <line num="77" type="stmt" count="7"/>
      <line num="78" type="stmt" count="7"/>
      <line num="79" type="stmt" count="7"/>
      <line num="80" type="stmt" count="7"/>
      <line num="81" type="stmt" count="7"/>
      <metrics loc="84" ncloc="81" classes="1" methods="4" coveredmethods="3" conditionals="0" coveredconditionals="0" statements="29" coveredstatements="28" elements="33" coveredelements="31"/>
    </file>
    <file name="/app/src/Photo/Repository/PhotoRepository.php">
      <class name="App\Photo\Repository\PhotoRepository" namespace="global">
        <metrics complexity="2" methods="2" coveredmethods="2" conditionals="0" coveredconditionals="0" statements="7" coveredstatements="7" elements="9" coveredelements="9"/>
      </class>
      <line num="16" type="method" name="__construct" visibility="public" complexity="1" crap="1" count="18"/>
      <line num="18" type="stmt" count="18"/>
      <line num="24" type="method" name="findAllWithUsers" visibility="public" complexity="1" crap="1" count="16"/>
      <line num="26" type="stmt" count="16"/>
      <line num="27" type="stmt" count="16"/>
      <line num="28" type="stmt" count="16"/>
      <line num="29" type="stmt" count="16"/>
      <line num="30" type="stmt" count="16"/>
      <line num="31" type="stmt" count="16"/>
      <metrics loc="34" ncloc="28" classes="1" methods="2" coveredmethods="2" conditionals="0" coveredconditionals="0" statements="7" coveredstatements="7" elements="9" coveredelements="9"/>
    </file>
    <file name="/app/src/Photo/Repository/PhotoRepositoryInterface.php">
      <metrics loc="16" ncloc="13" classes="0" methods="0" coveredmethods="0" conditionals="0" coveredconditionals="0" statements="0" coveredstatements="0" elements="0" coveredelements="0"/>
    </file>
    <file name="/app/src/Photo/Service/PhotoReactionResult.php">
      <class name="App\Photo\Service\PhotoReactionResult" namespace="global">
        <metrics complexity="12" methods="12" coveredmethods="12" conditionals="0" coveredconditionals="0" statements="12" coveredstatements="12" elements="24" coveredelements="24"/>
      </class>
      <line num="14" type="method" name="__construct" visibility="public" complexity="1" crap="1" count="14"/>
      <line num="21" type="stmt" count="14"/>
      <line num="23" type="method" name="notFound" visibility="public" complexity="1" crap="1" count="2"/>
      <line num="25" type="stmt" count="2"/>
      <line num="28" type="method" name="liked" visibility="public" complexity="1" crap="1" count="8"/>
      <line num="30" type="stmt" count="8"/>
      <line num="33" type="method" name="alreadyLiked" visibility="public" complexity="1" crap="1" count="3"/>
      <line num="35" type="stmt" count="3"/>
      <line num="38" type="method" name="unliked" visibility="public" complexity="1" crap="1" count="3"/>
      <line num="40" type="stmt" count="3"/>
      <line num="43" type="method" name="notLikedYet" visibility="public" complexity="1" crap="1" count="1"/>
      <line num="45" type="stmt" count="1"/>
      <line num="48" type="method" name="getStatus" visibility="public" complexity="1" crap="1" count="13"/>
      <line num="50" type="stmt" count="13"/>
      <line num="53" type="method" name="getMessageKey" visibility="public" complexity="1" crap="1" count="14"/>
      <line num="55" type="stmt" count="14"/>
      <line num="61" type="method" name="getMessageParameters" visibility="public" complexity="1" crap="1" count="7"/>
      <line num="63" type="stmt" count="7"/>
      <line num="66" type="method" name="getPhoto" visibility="public" complexity="1" crap="1" count="10"/>
      <line num="68" type="stmt" count="10"/>
      <line num="71" type="method" name="isLiked" visibility="public" complexity="1" crap="1" count="11"/>
      <line num="73" type="stmt" count="11"/>
      <line num="76" type="method" name="isNotFound" visibility="public" complexity="1" crap="1" count="10"/>
      <line num="78" type="stmt" count="10"/>
      <metrics loc="81" ncloc="75" classes="1" methods="12" coveredmethods="12" conditionals="0" coveredconditionals="0" statements="12" coveredstatements="12" elements="24" coveredelements="24"/>
    </file>
    <file name="/app/src/Photo/Service/PhotoReactionService.php">
      <class name="App\Photo\Service\PhotoReactionService" namespace="global">
        <metrics complexity="10" methods="4" coveredmethods="4" conditionals="0" coveredconditionals="0" statements="19" coveredstatements="19" elements="23" coveredelements="23"/>
      </class>
      <line num="16" type="method" name="__construct" visibility="public" complexity="1" crap="1" count="18"/>
      <line num="21" type="stmt" count="18"/>
      <line num="23" type="method" name="like" visibility="public" complexity="4" crap="4" count="11"/>
      <line num="25" type="stmt" count="11"/>
      <line num="26" type="stmt" count="11"/>
      <line num="27" type="stmt" count="1"/>
      <line num="30" type="stmt" count="10"/>
      <line num="31" type="stmt" count="2"/>
      <line num="35" type="stmt" count="9"/>
      <line num="36" type="stmt" count="1"/>
      <line num="37" type="stmt" count="1"/>
      <line num="40" type="stmt" count="8"/>
      <line num="43" type="method" name="unlike" visibility="public" complexity="3" crap="3" count="5"/>
      <line num="45" type="stmt" count="5"/>
      <line num="46" type="stmt" count="5"/>
      <line num="47" type="stmt" count="1"/>
      <line num="50" type="stmt" count="4"/>
      <line num="51" type="stmt" count="1"/>
      <line num="54" type="stmt" count="3"/>
      <line num="56" type="stmt" count="3"/>
      <line num="59" type="method" name="findPhoto" visibility="private" complexity="2" crap="2" count="14"/>
      <line num="61" type="stmt" count="14"/>
      <line num="63" type="stmt" count="14"/>
      <metrics loc="66" ncloc="66" classes="1" methods="4" coveredmethods="4" conditionals="0" coveredconditionals="0" statements="19" coveredstatements="19" elements="23" coveredelements="23"/>
    </file>
    <file name="/app/src/Photo/Service/PhotoReactionServiceInterface.php">
      <metrics loc="15" ncloc="15" classes="0" methods="0" coveredmethods="0" conditionals="0" coveredconditionals="0" statements="0" coveredstatements="0" elements="0" coveredelements="0"/>
    </file>
    <file name="/app/src/Profile/Controller/ProfileController.php">
      <class name="App\Profile\Controller\ProfileController" namespace="global">
        <metrics complexity="2" methods="1" coveredmethods="1" conditionals="0" coveredconditionals="0" statements="6" coveredstatements="6" elements="7" coveredelements="7"/>
      </class>
      <line num="15" type="method" name="profile" visibility="public" complexity="2" crap="2" count="3"/>
      <line num="18" type="stmt" count="3"/>
      <line num="19" type="stmt" count="3"/>
      <line num="20" type="stmt" count="1"/>
      <line num="23" type="stmt" count="2"/>
      <line num="24" type="stmt" count="2"/>
      <line num="25" type="stmt" count="2"/>
      <metrics loc="28" ncloc="28" classes="1" methods="1" coveredmethods="1" conditionals="0" coveredconditionals="0" statements="6" coveredstatements="6" elements="7" coveredelements="7"/>
    </file>
    <file name="/app/src/Shared/Controller/AppController.php">
      <class name="App\Shared\Controller\AppController" namespace="global">
        <metrics complexity="9" methods="4" coveredmethods="4" conditionals="0" coveredconditionals="0" statements="13" coveredstatements="13" elements="17" coveredelements="17"/>
      </class>
      <line num="15" type="method" name="__construct" visibility="public" complexity="1" crap="1" count="37"/>
      <line num="18" type="stmt" count="37"/>
      <line num="20" type="method" name="resolveCurrentUser" visibility="protected" complexity="5" crap="5" count="31"/>
      <line num="25" type="stmt" count="31"/>
      <line num="26" type="stmt" count="31"/>
      <line num="27" type="stmt" count="13"/>
      <line num="30" type="stmt" count="20"/>
      <line num="31" type="stmt" count="20"/>
      <line num="32" type="stmt" count="1"/>
      <line num="35" type="stmt" count="20"/>
      <line num="38" type="method" name="hasValidCsrfToken" visibility="protected" complexity="2" crap="2" count="20"/>
      <line num="44" type="stmt" count="20"/>
      <line num="45" type="stmt" count="10"/>
      <line num="46" type="stmt" count="10"/>
      <line num="48" type="stmt" count="20"/>
      <line num="54" type="method" name="translate" visibility="protected" complexity="1" crap="1" count="20"/>
      <line num="56" type="stmt" count="20"/>
      <metrics loc="59" ncloc="56" classes="1" methods="4" coveredmethods="4" conditionals="0" coveredconditionals="0" statements="13" coveredstatements="13" elements="17" coveredelements="17"/>
    </file>
    <metrics files="23" loc="1398" ncloc="1364" classes="17" methods="94" coveredmethods="80" conditionals="0" coveredconditionals="0" statements="429" coveredstatements="228" elements="523" coveredelements="308"/>
  </project>
</coverage>
